[19-May-2016 16:00:28 UTC] PHP Fatal error:  Call to a member function getUserRole() on boolean in /srv/www/htdocs/orangehrm/symfony/plugins/orangehrmDashboardPlugin/modules/dashboard/actions/indexAction.class.php on line 153
[19-May-2016 16:00:32 UTC] PHP Fatal error:  Call to a member function getUserRole() on boolean in /srv/www/htdocs/orangehrm/symfony/plugins/orangehrmDashboardPlugin/modules/dashboard/actions/indexAction.class.php on line 153
Thu 19 May 2016 04:00:37 PM UTC,263 [23210] ERROR filter.ExceptionCatcherFilter - Uncaught Exception: exception 'InvalidArgumentException' with message 'Cannot redirect to an empty URL.' in /srv/www/htdocs/orangehrm/symfony/cache/orangehrm/prod/config/config_core_compile.yml.php:2317
Stack trace:
#0 /srv/www/htdocs/orangehrm/symfony/cache/orangehrm/prod/config/config_core_compile.yml.php(326): sfWebController->redirect(NULL, 0, 302)
#1 /srv/www/htdocs/orangehrm/symfony/apps/orangehrm/modules/default/actions/indexAction.class.php(44): sfAction->redirect(NULL)
#2 /srv/www/htdocs/orangehrm/symfony/cache/orangehrm/prod/config/config_core_compile.yml.php(952): indexAction->execute(Object(sfWebRequest))
#3 /srv/www/htdocs/orangehrm/symfony/plugins/orangehrmCorePlugin/lib/filter/orangehrmExecutionFilter.php(42): sfExecutionFilter->executeAction(Object(indexAction))
#4 /srv/www/htdocs/orangehrm/symfony/cache/orangehrm/prod/config/config_core_compile.yml.php(947): orangehrmExecutionFilter->executeAction(Object(indexAction))
#5 /srv/www/htdocs/orangehrm/symfony/cache/orangehrm/prod/config/config_core_compile.yml.php(933): sfExecutionFilter->handleAction(Object(sfFilterChain), Object(indexAction))
#6 /srv/www/htdocs/orangehrm/symfony/cache/orangehrm/prod/config/config_core_compile.yml.php(1031): sfExecutionFilter->execute(Object(sfFilterChain))
#7 /srv/www/htdocs/orangehrm/symfony/lib/vendor/symfony/lib/filter/sfCommonFilter.class.php(29): sfFilterChain->execute()
#8 /srv/www/htdocs/orangehrm/symfony/cache/orangehrm/prod/config/config_core_compile.yml.php(1031): sfCommonFilter->execute(Object(sfFilterChain))
#9 /srv/www/htdocs/orangehrm/symfony/plugins/orangehrmCorePlugin/lib/filter/orangehrmPostExecutionFilter.php(22): sfFilterChain->execute()
#10 /srv/www/htdocs/orangehrm/symfony/cache/orangehrm/prod/config/config_core_compile.yml.php(1031): orangehrmPostExecutionFilter->execute(Object(sfFilterChain))
#11 /srv/www/htdocs/orangehrm/symfony/apps/orangehrm/lib/filter/ModuleFilter.php(56): sfFilterChain->execute()
#12 /srv/www/htdocs/orangehrm/symfony/cache/orangehrm/prod/config/config_core_compile.yml.php(1031): ModuleFilter->execute(Object(sfFilterChain))
#13 /srv/www/htdocs/orangehrm/symfony/plugins/orangehrmCorePlugin/lib/authorization/filter/ohrmAuthorizationFilter.php(101): sfFilterChain->execute()
#14 /srv/www/htdocs/orangehrm/symfony/cache/orangehrm/prod/config/config_core_compile.yml.php(1031): ohrmAuthorizationFilter->execute(Object(sfFilterChain))
#15 /srv/www/htdocs/orangehrm/symfony/apps/orangehrm/lib/filter/SessionInfoFetcherFilter.php(67): sfFilterChain->execute()
#16 /srv/www/htdocs/orangehrm/symfony/cache/orangehrm/prod/config/config_core_compile.yml.php(1031): SessionInfoFetcherFilter->execute(Object(sfFilterChain))
#17 /srv/www/htdocs/orangehrm/symfony/apps/orangehrm/lib/filter/OrangeI18NFilter.php(58): sfFilterChain->execute()
#18 /srv/www/htdocs/orangehrm/symfony/cache/orangehrm/prod/config/config_core_compile.yml.php(1031): OrangeI18NFilter->execute(Object(sfFilterChain))
#19 /srv/www/htdocs/orangehrm/symfony/apps/orangehrm/lib/filter/ExceptionCatcherFilter.php(26): sfFilterChain->execute()
#20 /srv/www/htdocs/orangehrm/symfony/cache/orangehrm/prod/config/config_core_compile.yml.php(1031): ExceptionCatcherFilter->execute(Object(sfFilterChain))
#21 /srv/www/htdocs/orangehrm/symfony/lib/vendor/symfony/lib/filter/sfBasicSecurityFilter.class.php(72): sfFilterChain->execute()
#22 /srv/www/htdocs/orangehrm/symfony/cache/orangehrm/prod/config/config_core_compile.yml.php(1031): sfBasicSecurityFilter->execute(Object(sfFilterChain))
#23 /srv/www/htdocs/orangehrm/symfony/cache/orangehrm/prod/config/config_core_compile.yml.php(995): sfFilterChain->execute()
#24 /srv/www/htdocs/orangehrm/symfony/cache/orangehrm/prod/config/config_core_compile.yml.php(1031): sfRenderingFilter->execute(Object(sfFilterChain))
#25 /srv/www/htdocs/orangehrm/symfony/cache/orangehrm/prod/config/config_core_compile.yml.php(665): sfFilterChain->execute()
#26 /srv/www/htdocs/orangehrm/symfony/cache/orangehrm/prod/config/config_core_compile.yml.php(2352): sfController->forward('default', 'index')
#27 /srv/www/htdocs/orangehrm/symfony/lib/vendor/symfony/lib/util/sfContext.class.php(170): sfFrontWebController->dispatch()
#28 /srv/www/htdocs/orangehrm/symfony/web/index.php(22): sfContext->dispatch()
#29 {main}
[20-May-2016 00:59:06 UTC] PHP Fatal error:  Maximum execution time of 30 seconds exceeded in /srv/www/htdocs/orangehrm/symfony/lib/vendor/symfony/lib/plugins/sfDoctrinePlugin/lib/vendor/doctrine/Doctrine/Table.php on line 2149
Fri 20 May 2016 03:43:37 AM UTC,367 [40760] ERROR filter.ExceptionCatcherFilter - Uncaught Exception: exception 'ServiceException' with message 'Leave Period Start date is not defined' in /srv/www/htdocs/orangehrm/symfony/plugins/orangehrmLeavePlugin/lib/service/LeavePeriodService.php:315
Stack trace:
#0 /srv/www/htdocs/orangehrm/symfony/plugins/orangehrmLeavePlugin/lib/service/LeavePeriodService.php(369): LeavePeriodService->getGeneratedLeavePeriodList(NULL, false)
#1 /srv/www/htdocs/orangehrm/symfony/plugins/orangehrmLeavePlugin/lib/entitlement/FIFOEntitlementConsumptionStrategy.php(706): LeavePeriodService->getCurrentLeavePeriodByDate('2016-05-20')
#2 /srv/www/htdocs/orangehrm/symfony/plugins/orangehrmLeavePlugin/lib/service/LeaveEntitlementService.php(170): FIFOEntitlementConsumptionStrategy->getLeavePeriod('2016-05-20', '431', 'undefined')
#3 /srv/www/htdocs/orangehrm/symfony/plugins/orangehrmLeavePlugin/modules/leave/actions/getLeaveBalanceAjaxAction.class.php(177): LeaveEntitlementService->getLeaveBalance('431', 'undefined', '2016-05-20', NULL)
#4 /srv/www/htdocs/orangehrm/symfony/cache/orangehrm/prod/config/config_core_compile.yml.php(952): getLeaveBalanceAjaxAction->execute(Object(sfWebRequest))
#5 /srv/www/htdocs/orangehrm/symfony/plugins/orangehrmCorePlugin/lib/filter/orangehrmExecutionFilter.php(42): sfExecutionFilter->executeAction(Object(getLeaveBalanceAjaxAction))
#6 /srv/www/htdocs/orangehrm/symfony/cache/orangehrm/prod/config/config_core_compile.yml.php(947): orangehrmExecutionFilter->executeAction(Object(getLeaveBalanceAjaxAction))
#7 /srv/www/htdocs/orangehrm/symfony/cache/orangehrm/prod/config/config_core_compile.yml.php(933): sfExecutionFilter->handleAction(Object(sfFilterChain), Object(getLeaveBalanceAjaxAction))
#8 /srv/www/htdocs/orangehrm/symfony/cache/orangehrm/prod/config/config_core_compile.yml.php(1031): sfExecutionFilter->execute(Object(sfFilterChain))
#9 /srv/www/htdocs/orangehrm/symfony/lib/vendor/symfony/lib/filter/sfCommonFilter.class.php(29): sfFilterChain->execute()
#10 /srv/www/htdocs/orangehrm/symfony/cache/orangehrm/prod/config/config_core_compile.yml.php(1031): sfCommonFilter->execute(Object(sfFilterChain))
#11 /srv/www/htdocs/orangehrm/symfony/plugins/orangehrmCorePlugin/lib/filter/orangehrmPostExecutionFilter.php(22): sfFilterChain->execute()
#12 /srv/www/htdocs/orangehrm/symfony/cache/orangehrm/prod/config/config_core_compile.yml.php(1031): orangehrmPostExecutionFilter->execute(Object(sfFilterChain))
#13 /srv/www/htdocs/orangehrm/symfony/apps/orangehrm/lib/filter/ModuleFilter.php(56): sfFilterChain->execute()
#14 /srv/www/htdocs/orangehrm/symfony/cache/orangehrm/prod/config/config_core_compile.yml.php(1031): ModuleFilter->execute(Object(sfFilterChain))
#15 /srv/www/htdocs/orangehrm/symfony/plugins/orangehrmCorePlugin/lib/authorization/filter/ohrmAuthorizationFilter.php(101): sfFilterChain->execute()
#16 /srv/www/htdocs/orangehrm/symfony/cache/orangehrm/prod/config/config_core_compile.yml.php(1031): ohrmAuthorizationFilter->execute(Object(sfFilterChain))
#17 /srv/www/htdocs/orangehrm/symfony/apps/orangehrm/lib/filter/SessionInfoFetcherFilter.php(67): sfFilterChain->execute()
#18 /srv/www/htdocs/orangehrm/symfony/cache/orangehrm/prod/config/config_core_compile.yml.php(1031): SessionInfoFetcherFilter->execute(Object(sfFilterChain))
#19 /srv/www/htdocs/orangehrm/symfony/apps/orangehrm/lib/filter/OrangeI18NFilter.php(58): sfFilterChain->execute()
#20 /srv/www/htdocs/orangehrm/symfony/cache/orangehrm/prod/config/config_core_compile.yml.php(1031): OrangeI18NFilter->execute(Object(sfFilterChain))
#21 /srv/www/htdocs/orangehrm/symfony/apps/orangehrm/lib/filter/ExceptionCatcherFilter.php(26): sfFilterChain->execute()
#22 /srv/www/htdocs/orangehrm/symfony/cache/orangehrm/prod/config/config_core_compile.yml.php(1031): ExceptionCatcherFilter->execute(Object(sfFilterChain))
#23 /srv/www/htdocs/orangehrm/symfony/lib/vendor/symfony/lib/filter/sfBasicSecurityFilter.class.php(72): sfFilterChain->execute()
#24 /srv/www/htdocs/orangehrm/symfony/cache/orangehrm/prod/config/config_core_compile.yml.php(1031): sfBasicSecurityFilter->execute(Object(sfFilterChain))
#25 /srv/www/htdocs/orangehrm/symfony/cache/orangehrm/prod/config/config_core_compile.yml.php(995): sfFilterChain->execute()
#26 /srv/www/htdocs/orangehrm/symfony/cache/orangehrm/prod/config/config_core_compile.yml.php(1031): sfRenderingFilter->execute(Object(sfFilterChain))
#27 /srv/www/htdocs/orangehrm/symfony/cache/orangehrm/prod/config/config_core_compile.yml.php(665): sfFilterChain->execute()
#28 /srv/www/htdocs/orangehrm/symfony/cache/orangehrm/prod/config/config_core_compile.yml.php(2352): sfController->forward('leave', 'getLeaveBalance...')
#29 /srv/www/htdocs/orangehrm/symfony/lib/vendor/symfony/lib/util/sfContext.class.php(170): sfFrontWebController->dispatch()
#30 /srv/www/htdocs/orangehrm/symfony/web/index.php(22): sfContext->dispatch()
#31 {main}
